#
# A fatal error has been detected by the Java Runtime Environment:
#
#  EXCEPTION_STACK_OVERFLOW (0xc00000fd) at pc=0x76e983e2, pid=2608, tid=0x000009c0
#
# JRE version: Java(TM) SE Runtime Environment (8.0_191-b12) (build 1.8.0_191-b12)
# Java VM: Java HotSpot(TM) Client VM (25.191-b12 mixed mode windows-x86 )
# Problematic frame:
# C  [ntdll.dll+0x383e2]
#
# Failed to write core dump. Minidumps are not enabled by default on client versions of Windows
#
# If you would like to submit a bug report, please visit:
#   http://bugreport.java.com/bugreport/crash.jsp
# The crash happened outside the Java Virtual Machine in native code.
# See problematic frame for where to report the bug.
#

---------------  T H R E A D  ---------------

Current thread (0x2865b400):  JavaThread "EventThread COM3" [_thread_in_native, id=2496, stack(0x012c0000,0x01310000)]

siginfo: ExceptionCode=0xc00000fd, ExceptionInformation=0x00000001 0x012c0ff8 

Registers:
EAX=0x00c40000, EBX=0x013ebf30, ECX=0x00000000, EDX=0x297401ec
ESP=0x012c0ffc, EBP=0x012c1130, ESI=0x000009d0, EDI=0x012c1174
EIP=0x76e983e2, EFLAGS=0x00010202

Top of Stack: (sp=0x012c0ffc)
0x012c0ffc:   00000000 00000000 00000000 00000000
0x012c100c:   00000000 00000000 00000000 00000000
0x012c101c:   00000000 00000000 00000000 00000000
0x012c102c:   00000000 00000000 00000000 00000000
0x012c103c:   00000000 00000000 00000000 00000000
0x012c104c:   00000000 00000000 00000000 00000000
0x012c105c:   00000000 00000000 00000000 00000000
0x012c106c:   00000000 00000000 00000000 00000000 

Instructions: (pc=0x76e983e2)
0x76e983c2:   55 8b ec 83 e4 f8 81 ec 34 01 00 00 a1 70 b3 f8
0x76e983d2:   76 33 c4 89 84 24 30 01 00 00 64 a1 30 00 00 00
0x76e983e2:   53 8b 5d 10 56 8b 80 e8 01 00 00 57 8b 73 08 85
0x76e983f2:   c0 0f 84 7f 99 05 00 8d 88 e0 07 00 00 85 c9 0f 


Register to memory mapping:

EAX=0x00c40000 is an unknown value
EBX=0x013ebf30 is an unknown value
ECX=0x00000000 is an unknown value
EDX=0x297401ec is an unknown value
ESP=0x012c0ffc is pointing into the stack for thread: 0x2865b400
EBP=0x012c1130 is pointing into the stack for thread: 0x2865b400
ESI=0x000009d0 is an unknown value
EDI=0x012c1174 is pointing into the stack for thread: 0x2865b400


Stack: [0x012c0000,0x01310000],  sp=0x012c0ffc,  free space=3k
Native frames: (J=compiled Java code, j=interpreted, Vv=VM code, C=native code)
C  [ntdll.dll+0x383e2]
C  [KERNELBASE.dll+0x114146]
C  [jSSC-2.8_x86.dll+0x17c0]
J 2132  jssc.SerialNativeInterface.readBytes(JI)[B (0 bytes) @ 0x0329b2e5 [0x0329b250+0x95]
J 2152% C1 jssc.SerialPort$EventThread.run()V (84 bytes) @ 0x032a2140 [0x032a1e90+0x2b0]
v  ~StubRoutines::call_stub
V  [jvm.dll+0x15c315]
V  [jvm.dll+0x223ece]
V  [jvm.dll+0x15c3ae]
V  [jvm.dll+0x15c536]
V  [jvm.dll+0x15c5a7]
V  [jvm.dll+0x1002ef]
V  [jvm.dll+0x17f550]
V  [jvm.dll+0x17fdca]
V  [jvm.dll+0x1c57a6]
C  [msvcr100.dll+0x5c556]
C  [msvcr100.dll+0x5c600]
C  [KERNEL32.DLL+0x200f9]
C  [ntdll.dll+0x67bbe]
C  [ntdll.dll+0x67b8e]
C  0x00000000

Java frames: (J=compiled Java code, j=interpreted, Vv=VM code)
J 2132  jssc.SerialNativeInterface.readBytes(JI)[B (0 bytes) @ 0x0329b2a1 [0x0329b250+0x51]
J 2152% C1 jssc.SerialPort$EventThread.run()V (84 bytes) @ 0x032a2140 [0x032a1e90+0x2b0]
v  ~StubRoutines::call_stub

---------------  P R O C E S S  ---------------

Java Threads: ( => current thread )
=>0x2865b400 JavaThread "EventThread COM3" [_thread_in_native, id=2496, stack(0x012c0000,0x01310000)]
  0x28658800 JavaThread "DestroyJavaVM" [_thread_blocked, id=5140, stack(0x01390000,0x013e0000)]
  0x2865b000 JavaThread "TimerQueue" daemon [_thread_blocked, id=8348, stack(0x2ad50000,0x2ada0000)]
  0x283bcc00 JavaThread "AWT-EventQueue-0" [_thread_in_Java, id=3580, stack(0x27d90000,0x27de0000)]
  0x283bd400 JavaThread "AWT-Shutdown" [_thread_blocked, id=6128, stack(0x02e20000,0x02e70000)]
  0x283be400 JavaThread "Batik CleanerThread" daemon [_thread_blocked, id=4116, stack(0x29500000,0x29550000)]
  0x283d3800 JavaThread "JmDNS(DESKTOP-FFG2P1B-uconnect-utah-edu.local.).State.Timer" [_thread_blocked, id=260, stack(0x29210000,0x29260000)]
  0x283d3000 JavaThread "JmDNS(DESKTOP-FFG2P1B-uconnect-utah-edu.local.).Timer" daemon [_thread_blocked, id=1688, stack(0x29180000,0x291d0000)]
  0x283d2c00 JavaThread "SocketListener(DESKTOP-FFG2P1B-uconnect-utah-edu.local.)" daemon [_thread_in_native, id=5704, stack(0x28ed0000,0x28f20000)]
  0x283a2000 JavaThread "Multihomed mDNS.Timer" daemon [_thread_blocked, id=10168, stack(0x26f30000,0x26f80000)]
  0x28290000 JavaThread "cc.arduino.packages.discoverers.serial.SerialDiscovery" [_thread_blocked, id=8252, stack(0x28e40000,0x28e90000)]
  0x26b5d400 JavaThread "AWT-Windows" daemon [_thread_in_native, id=10196, stack(0x26fc0000,0x27010000)]
  0x26b5bc00 JavaThread "Java2D Disposer" daemon [_thread_blocked, id=6880, stack(0x26480000,0x264d0000)]
  0x25548800 JavaThread "Service Thread" daemon [_thread_blocked, id=8988, stack(0x267d0000,0x26820000)]
  0x25541800 JavaThread "C1 CompilerThread0" daemon [_thread_blocked, id=252, stack(0x26740000,0x26790000)]
  0x2553f400 JavaThread "Attach Listener" daemon [_thread_blocked, id=4044, stack(0x266b0000,0x26700000)]
  0x2553d800 JavaThread "Signal Dispatcher" daemon [_thread_blocked, id=3304, stack(0x26620000,0x26670000)]
  0x2552bc00 JavaThread "Finalizer" daemon [_thread_blocked, id=1636, stack(0x263f0000,0x26440000)]
  0x25525c00 JavaThread "Reference Handler" daemon [_thread_in_Java, id=9924, stack(0x26360000,0x263b0000)]

Other Threads:
  0x25510400 VMThread [stack: 0x25710000,0x25760000] [id=2296]
  0x2554c800 WatcherThread [stack: 0x26860000,0x268b0000] [id=10488]

VM state:not at safepoint (normal execution)

VM Mutex/Monitor currently owned by a thread: None

Heap:
 def new generation   total 157248K, used 44441K [0x05000000, 0x0faa0000, 0x0faa0000)
  eden space 139776K,  31% used [0x05000000, 0x07b666e0, 0x0d880000)
  from space 17472K,   0% used [0x0d880000, 0x0d880000, 0x0e990000)
  to   space 17472K,   0% used [0x0e990000, 0x0e990000, 0x0faa0000)
 tenured generation   total 349568K, used 292131K [0x0faa0000, 0x25000000, 0x25000000)
   the space 349568K,  83% used [0x0faa0000, 0x217e8f48, 0x217e9000, 0x25000000)
 Metaspace       used 25134K, capacity 25668K, committed 25728K, reserved 25984K

Card table byte_map: [0x04ee0000,0x04ff0000] byte_map_base: 0x04eb8000

Polling page: 0x01170000

CodeCache: size=32768Kb used=3077Kb max_used=4746Kb free=29690Kb
 bounds [0x02ee0000, 0x03388000, 0x04ee0000]
 total_blobs=1911 nmethods=1617 adapters=223
 compilation: enabled

Compilation events (10 events):
Event: 158.945 Thread 0x25541800 3123   !         sun.awt.AWTAutoShutdown::setToolkitBusy (124 bytes)
Event: 158.946 Thread 0x25541800 nmethod 3123 0x030ec148 code [0x030ec290, 0x030ec70c]
Event: 159.122 Thread 0x25541800 3124             java.util.AbstractSet::<init> (5 bytes)
Event: 159.122 Thread 0x25541800 nmethod 3124 0x02fe8188 code [0x02fe8280, 0x02fe8300]
Event: 159.161 Thread 0x25541800 3125             javax.jmdns.impl.DNSIncoming$MessageInputStream::readUnsignedByte (9 bytes)
Event: 159.161 Thread 0x25541800 nmethod 3125 0x0309e908 code [0x0309ea00, 0x0309ea9c]
Event: 159.162 Thread 0x25541800 3126             javax.jmdns.impl.DNSIncoming$MessageInputStream::readUTF (204 bytes)
Event: 159.163 Thread 0x25541800 nmethod 3126 0x03114008 code [0x03114180, 0x03114690]
Event: 159.283 Thread 0x25541800 3127             org.fife.ui.rsyntaxtextarea.TokenImpl::getListOffset (244 bytes)
Event: 159.284 Thread 0x25541800 nmethod 3127 0x0309e008 code [0x0309e140, 0x0309e478]

GC Heap History (10 events):
Event: 120.254 GC heap before
{Heap before GC invocations=19 (full 6):
 def new generation   total 157248K, used 157248K [0x05000000, 0x0faa0000, 0x0faa0000)
  eden space 139776K, 100% used [0x05000000, 0x0d880000, 0x0d880000)
  from space 17472K, 100% used [0x0d880000, 0x0e990000, 0x0e990000)
  to   space 17472K,   0% used [0x0e990000, 0x0e990000, 0x0faa0000)
 tenured generation   total 349568K, used 325742K [0x0faa0000, 0x25000000, 0x25000000)
   the space 349568K,  93% used [0x0faa0000, 0x238bbbb8, 0x238bbc00, 0x25000000)
 Metaspace       used 24954K, capacity 25471K, committed 25600K, reserved 25984K
Event: 121.316 GC heap after
Heap after GC invocations=20 (full 7):
 def new generation   total 157248K, used 0K [0x05000000, 0x0faa0000, 0x0faa0000)
  eden space 139776K,   0% used [0x05000000, 0x05000000, 0x0d880000)
  from space 17472K,   0% used [0x0d880000, 0x0d880000, 0x0e990000)
  to   space 17472K,   0% used [0x0e990000, 0x0e990000, 0x0faa0000)
 tenured generation   total 349568K, used 253018K [0x0faa0000, 0x25000000, 0x25000000)
   the space 349568K,  72% used [0x0faa0000, 0x1f1b6950, 0x1f1b6a00, 0x25000000)
 Metaspace       used 24954K, capacity 25471K, committed 25600K, reserved 25984K
}
Event: 131.593 GC heap before
{Heap before GC invocations=20 (full 7):
 def new generation   total 157248K, used 139776K [0x05000000, 0x0faa0000, 0x0faa0000)
  eden space 139776K, 100% used [0x05000000, 0x0d880000, 0x0d880000)
  from space 17472K,   0% used [0x0d880000, 0x0d880000, 0x0e990000)
  to   space 17472K,   0% used [0x0e990000, 0x0e990000, 0x0faa0000)
 tenured generation   total 349568K, used 253018K [0x0faa0000, 0x25000000, 0x25000000)
   the space 349568K,  72% used [0x0faa0000, 0x1f1b6950, 0x1f1b6a00, 0x25000000)
 Metaspace       used 25134K, capacity 25668K, committed 25728K, reserved 25984K
Event: 131.858 GC heap after
Heap after GC invocations=21 (full 7):
 def new generation   total 157248K, used 17472K [0x05000000, 0x0faa0000, 0x0faa0000)
  eden space 139776K,   0% used [0x05000000, 0x05000000, 0x0d880000)
  from space 17472K, 100% used [0x0e990000, 0x0faa0000, 0x0faa0000)
  to   space 17472K,   0% used [0x0d880000, 0x0d880000, 0x0e990000)
 tenured generation   total 349568K, used 302893K [0x0faa0000, 0x25000000, 0x25000000)
   the space 349568K,  86% used [0x0faa0000, 0x2226b7b8, 0x2226b800, 0x25000000)
 Metaspace       used 25134K, capacity 25668K, committed 25728K, reserved 25984K
}
Event: 140.529 GC heap before
{Heap before GC invocations=21 (full 7):
 def new generation   total 157248K, used 157248K [0x05000000, 0x0faa0000, 0x0faa0000)
  eden space 139776K, 100% used [0x05000000, 0x0d880000, 0x0d880000)
  from space 17472K, 100% used [0x0e990000, 0x0faa0000, 0x0faa0000)
  to   space 17472K,   0% used [0x0d880000, 0x0d880000, 0x0e990000)
 tenured generation   total 349568K, used 302893K [0x0faa0000, 0x25000000, 0x25000000)
   the space 349568K,  86% used [0x0faa0000, 0x2226b7b8, 0x2226b800, 0x25000000)
 Metaspace       used 25134K, capacity 25668K, committed 25728K, reserved 25984K
Event: 141.573 GC heap after
Heap after GC invocations=22 (full 8):
 def new generation   total 157248K, used 0K [0x05000000, 0x0faa0000, 0x0faa0000)
  eden space 139776K,   0% used [0x05000000, 0x05000000, 0x0d880000)
  from space 17472K,   0% used [0x0e990000, 0x0e990000, 0x0faa0000)
  to   space 17472K,   0% used [0x0d880000, 0x0d880000, 0x0e990000)
 tenured generation   total 349568K, used 254837K [0x0faa0000, 0x25000000, 0x25000000)
   the space 349568K,  72% used [0x0faa0000, 0x1f37d738, 0x1f37d800, 0x25000000)
 Metaspace       used 25134K, capacity 25668K, committed 25728K, reserved 25984K
}
Event: 151.795 GC heap before
{Heap before GC invocations=22 (full 8):
 def new generation   total 157248K, used 139776K [0x05000000, 0x0faa0000, 0x0faa0000)
  eden space 139776K, 100% used [0x05000000, 0x0d880000, 0x0d880000)
  from space 17472K,   0% used [0x0e990000, 0x0e990000, 0x0faa0000)
  to   space 17472K,   0% used [0x0d880000, 0x0d880000, 0x0e990000)
 tenured generation   total 349568K, used 254837K [0x0faa0000, 0x25000000, 0x25000000)
   the space 349568K,  72% used [0x0faa0000, 0x1f37d738, 0x1f37d800, 0x25000000)
 Metaspace       used 25134K, capacity 25668K, committed 25728K, reserved 25984K
Event: 152.035 GC heap after
Heap after GC invocations=23 (full 8):
 def new generation   total 157248K, used 17472K [0x05000000, 0x0faa0000, 0x0faa0000)
  eden space 139776K,   0% used [0x05000000, 0x05000000, 0x0d880000)
  from space 17472K, 100% used [0x0d880000, 0x0e990000, 0x0e990000)
  to   space 17472K,   0% used [0x0e990000, 0x0e990000, 0x0faa0000)
 tenured generation   total 349568K, used 303868K [0x0faa0000, 0x25000000, 0x25000000)
   the space 349568K,  86% used [0x0faa0000, 0x2235f088, 0x2235f200, 0x25000000)
 Metaspace       used 25134K, capacity 25668K, committed 25728K, reserved 25984K
}
Event: 159.884 GC heap before
{Heap before GC invocations=23 (full 8):
 def new generation   total 157248K, used 155172K [0x05000000, 0x0faa0000, 0x0faa0000)
  eden space 139776K,  98% used [0x05000000, 0x0d679030, 0x0d880000)
  from space 17472K, 100% used [0x0d880000, 0x0e990000, 0x0e990000)
  to   space 17472K,   0% used [0x0e990000, 0x0e990000, 0x0faa0000)
 tenured generation   total 349568K, used 303868K [0x0faa0000, 0x25000000, 0x25000000)
   the space 349568K,  86% used [0x0faa0000, 0x2235f088, 0x2235f200, 0x25000000)
 Metaspace       used 25134K, capacity 25668K, committed 25728K, reserved 25984K
Event: 161.029 GC heap after
Heap after GC invocations=24 (full 9):
 def new generation   total 157248K, used 0K [0x05000000, 0x0faa0000, 0x0faa0000)
  eden space 139776K,   0% used [0x05000000, 0x05000000, 0x0d880000)
  from space 17472K,   0% used [0x0d880000, 0x0d880000, 0x0e990000)
  to   space 17472K,   0% used [0x0e990000, 0x0e990000, 0x0faa0000)
 tenured generation   total 349568K, used 292131K [0x0faa0000, 0x25000000, 0x25000000)
   the space 349568K,  83% used [0x0faa0000, 0x217e8f48, 0x217e9000, 0x25000000)
 Metaspace       used 25134K, capacity 25668K, committed 25728K, reserved 25984K
}

Deoptimization events (0 events):
No events

Classes redefined (0 events):
No events

Internal exceptions (10 events):
Event: 67.749 Thread 0x2865c000 Exception <a 'sun/nio/fs/WindowsException'> (0x05244f00) thrown at [C:\workspace\8-2-build-windows-i586-cygwin\jdk8u191\11896\hotspot\src\share\vm\prims\jni.cpp, line 709]
Event: 67.749 Thread 0x2865c000 Exception <a 'sun/nio/fs/WindowsException'> (0x05245670) thrown at [C:\workspace\8-2-build-windows-i586-cygwin\jdk8u191\11896\hotspot\src\share\vm\prims\jni.cpp, line 709]
Event: 67.750 Thread 0x2865c000 Exception <a 'sun/nio/fs/WindowsException'> (0x0524f170) thrown at [C:\workspace\8-2-build-windows-i586-cygwin\jdk8u191\11896\hotspot\src\share\vm\prims\jni.cpp, line 709]
Event: 67.750 Thread 0x2865c000 Exception <a 'sun/nio/fs/WindowsException'> (0x0524f8a8) thrown at [C:\workspace\8-2-build-windows-i586-cygwin\jdk8u191\11896\hotspot\src\share\vm\prims\jni.cpp, line 709]
Event: 67.752 Thread 0x2865c000 Exception <a 'sun/nio/fs/WindowsException'> (0x0525a1e8) thrown at [C:\workspace\8-2-build-windows-i586-cygwin\jdk8u191\11896\hotspot\src\share\vm\prims\jni.cpp, line 709]
Event: 67.752 Thread 0x2865c000 Exception <a 'sun/nio/fs/WindowsException'> (0x0525a9c0) thrown at [C:\workspace\8-2-build-windows-i586-cygwin\jdk8u191\11896\hotspot\src\share\vm\prims\jni.cpp, line 709]
Event: 67.753 Thread 0x2865c000 Exception <a 'sun/nio/fs/WindowsException'> (0x05264968) thrown at [C:\workspace\8-2-build-windows-i586-cygwin\jdk8u191\11896\hotspot\src\share\vm\prims\jni.cpp, line 709]
Event: 67.753 Thread 0x2865c000 Exception <a 'sun/nio/fs/WindowsException'> (0x05265128) thrown at [C:\workspace\8-2-build-windows-i586-cygwin\jdk8u191\11896\hotspot\src\share\vm\prims\jni.cpp, line 709]
Event: 67.755 Thread 0x2865c000 Exception <a 'sun/nio/fs/WindowsException'> (0x0526ec38) thrown at [C:\workspace\8-2-build-windows-i586-cygwin\jdk8u191\11896\hotspot\src\share\vm\prims\jni.cpp, line 709]
Event: 67.755 Thread 0x2865c000 Exception <a 'sun/nio/fs/WindowsException'> (0x0526f380) thrown at [C:\workspace\8-2-build-windows-i586-cygwin\jdk8u191\11896\hotspot\src\share\vm\prims\jni.cpp, line 709]

Events (10 events):
Event: 158.607 Thread 0x25541800 flushing nmethod 0x03216888
Event: 158.607 Thread 0x25541800 flushing nmethod 0x03216dc8
Event: 158.607 Thread 0x25541800 flushing nmethod 0x032172c8
Event: 158.607 Thread 0x25541800 flushing nmethod 0x03217948
Event: 158.607 Thread 0x25541800 flushing nmethod 0x03217b08
Event: 158.607 Thread 0x25541800 flushing nmethod 0x03218048
Event: 158.607 Thread 0x25541800 flushing nmethod 0x03218c88
Event: 159.163 Thread 0x25541800 flushing nmethod 0x03219788
Event: 159.883 Executing VM operation: GenCollectForAllocation
Event: 161.030 Executing VM operation: GenCollectForAllocation done


Dynamic libraries:
0x00190000 - 0x001c3000 	C:\Program Files (x86)\Arduino\java\bin\javaw.exe
0x76e60000 - 0x77004000 	C:\WINDOWS\SYSTEM32\ntdll.dll
0x75910000 - 0x75a00000 	C:\WINDOWS\System32\KERNEL32.DLL
0x752e0000 - 0x754fc000 	C:\WINDOWS\System32\KERNELBASE.dll
0x75260000 - 0x752db000 	C:\WINDOWS\System32\ADVAPI32.dll
0x755c0000 - 0x7567f000 	C:\WINDOWS\System32\msvcrt.dll
0x75ef0000 - 0x75f66000 	C:\WINDOWS\System32\sechost.dll
0x76d10000 - 0x76dce000 	C:\WINDOWS\System32\RPCRT4.dll
0x761d0000 - 0x7636d000 	C:\WINDOWS\System32\USER32.dll
0x76600000 - 0x76618000 	C:\WINDOWS\System32\win32u.dll
0x75fe0000 - 0x76003000 	C:\WINDOWS\System32\GDI32.dll
0x75120000 - 0x75200000 	C:\WINDOWS\System32\gdi32full.dll
0x760a0000 - 0x7611b000 	C:\WINDOWS\System32\msvcp_win.dll
0x76620000 - 0x76740000 	C:\WINDOWS\System32\ucrtbase.dll
0x74b10000 - 0x74d20000 	C:\WINDOWS\WinSxS\x86_microsoft.windows.common-controls_6595b64144ccf1df_6.0.19041.1110_none_a8625c1886757984\COMCTL32.dll
0x750f0000 - 0x75115000 	C:\WINDOWS\System32\IMM32.DLL
0x74a50000 - 0x74b0f000 	C:\Program Files (x86)\Arduino\java\bin\msvcr100.dll
0x74670000 - 0x74a43000 	C:\Program Files (x86)\Arduino\java\bin\client\jvm.dll
0x75560000 - 0x75566000 	C:\WINDOWS\System32\PSAPI.DLL
0x74640000 - 0x74668000 	C:\WINDOWS\SYSTEM32\WINMM.dll
0x74630000 - 0x74638000 	C:\WINDOWS\SYSTEM32\VERSION.dll
0x74620000 - 0x74628000 	C:\WINDOWS\SYSTEM32\WSOCK32.dll
0x75f70000 - 0x75fd3000 	C:\WINDOWS\System32\WS2_32.dll
0x745f0000 - 0x74620000 	C:\Program Files (x86)\Arduino\java\bin\splashscreen.dll
0x74570000 - 0x745e4000 	C:\WINDOWS\system32\uxtheme.dll
0x75680000 - 0x75901000 	C:\WINDOWS\System32\combase.dll
0x74560000 - 0x7456c000 	C:\Program Files (x86)\Arduino\java\bin\verify.dll
0x74530000 - 0x74552000 	C:\Program Files (x86)\Arduino\java\bin\java.dll
0x74510000 - 0x74524000 	C:\Program Files (x86)\Arduino\java\bin\zip.dll
0x74ea0000 - 0x74f74000 	C:\WINDOWS\System32\MSCTF.dll
0x75e40000 - 0x75ed6000 	C:\WINDOWS\System32\OLEAUT32.dll
0x74500000 - 0x7450f000 	C:\WINDOWS\SYSTEM32\kernel.appcore.dll
0x764b0000 - 0x7650f000 	C:\WINDOWS\System32\bcryptPrimitives.dll
0x74440000 - 0x744fa000 	C:\WINDOWS\SYSTEM32\textinputframework.dll
0x741c0000 - 0x7443e000 	C:\WINDOWS\System32\CoreUIComponents.dll
0x76120000 - 0x761a7000 	C:\WINDOWS\System32\SHCORE.dll
0x74120000 - 0x741bb000 	C:\WINDOWS\System32\CoreMessaging.dll
0x740f0000 - 0x74119000 	C:\WINDOWS\SYSTEM32\ntmarta.dll
0x74010000 - 0x740eb000 	C:\WINDOWS\SYSTEM32\wintypes.dll
0x76740000 - 0x76cf7000 	C:\WINDOWS\System32\SHELL32.dll
0x73a00000 - 0x7400c000 	C:\WINDOWS\SYSTEM32\windows.storage.dll
0x739d0000 - 0x739f7000 	C:\WINDOWS\SYSTEM32\Wldp.dll
0x76050000 - 0x76095000 	C:\WINDOWS\System32\shlwapi.dll
0x739b0000 - 0x739c8000 	C:\WINDOWS\SYSTEM32\profapi.dll
0x61940000 - 0x619b3000 	C:\Program Files (x86)\Arduino\lib\listSerialsj.dll
0x75a00000 - 0x75e34000 	C:\WINDOWS\System32\SETUPAPI.dll
0x76010000 - 0x7604b000 	C:\WINDOWS\System32\cfgmgr32.dll
0x761b0000 - 0x761c9000 	C:\WINDOWS\System32\bcrypt.dll
0x73990000 - 0x739ad000 	C:\Program Files (x86)\Arduino\lib\jnidispatch-4.2.2-win32-x86.dll
0x76510000 - 0x765f3000 	C:\WINDOWS\System32\Ole32.dll
0x73970000 - 0x73985000 	C:\Program Files (x86)\Arduino\java\bin\net.dll
0x73910000 - 0x73962000 	C:\WINDOWS\system32\mswsock.dll
0x73900000 - 0x7390f000 	C:\Program Files (x86)\Arduino\java\bin\nio.dll
0x737b0000 - 0x738f7000 	C:\Program Files (x86)\Arduino\java\bin\awt.dll
0x73710000 - 0x737af000 	C:\WINDOWS\SYSTEM32\apphelp.dll
0x736e0000 - 0x73706000 	C:\WINDOWS\system32\DWMAPI.DLL
0x736a0000 - 0x736d9000 	C:\Program Files (x86)\Arduino\java\bin\fontmanager.dll
0x73590000 - 0x73693000 	C:\WINDOWS\system32\opengl32.dll
0x73550000 - 0x7358f000 	C:\WINDOWS\SYSTEM32\GLU32.dll
0x73510000 - 0x73542000 	C:\Program Files (x86)\Arduino\java\bin\t2k.dll
0x73500000 - 0x7350a000 	C:\Program Files (x86)\Arduino\java\bin\management.dll
0x734e0000 - 0x734f1000 	C:\WINDOWS\system32\napinsp.dll
0x734c0000 - 0x734d6000 	C:\WINDOWS\system32\pnrpnsp.dll
0x734b0000 - 0x734c0000 	C:\WINDOWS\system32\wshbth.dll
0x73490000 - 0x734a6000 	C:\WINDOWS\system32\NLAapi.dll
0x73450000 - 0x73482000 	C:\WINDOWS\SYSTEM32\IPHLPAPI.DLL
0x733b0000 - 0x73441000 	C:\WINDOWS\SYSTEM32\DNSAPI.dll
0x75ee0000 - 0x75ee7000 	C:\WINDOWS\System32\NSI.dll
0x733a0000 - 0x733ae000 	C:\WINDOWS\System32\winrnr.dll
0x73340000 - 0x73399000 	C:\WINDOWS\System32\fwpuclnt.dll
0x73330000 - 0x73338000 	C:\Windows\System32\rasadhlp.dll
0x73310000 - 0x73324000 	C:\WINDOWS\SYSTEM32\dhcpcsvc6.DLL
0x732f0000 - 0x73306000 	C:\WINDOWS\SYSTEM32\dhcpcsvc.DLL
0x732d0000 - 0x732e3000 	C:\WINDOWS\SYSTEM32\CRYPTSP.dll
0x732a0000 - 0x732cf000 	C:\WINDOWS\system32\rsaenh.dll
0x73270000 - 0x73295000 	C:\WINDOWS\SYSTEM32\USERENV.dll
0x73260000 - 0x7326a000 	C:\WINDOWS\SYSTEM32\CRYPTBASE.dll
0x73230000 - 0x73254000 	C:\WINDOWS\SYSTEM32\DEVOBJ.dll
0x75570000 - 0x755bd000 	C:\WINDOWS\System32\WINTRUST.dll
0x74da0000 - 0x74e9a000 	C:\WINDOWS\System32\CRYPT32.dll
0x73220000 - 0x7322e000 	C:\WINDOWS\SYSTEM32\MSASN1.dll
0x731b0000 - 0x73219000 	C:\Program Files (x86)\Arduino\msvcp100.dll
0x730f0000 - 0x731ae000 	C:\Program Files (x86)\Arduino\msvcr100.dll
0x29380000 - 0x293b2000 	C:\Program Files (x86)\Arduino\lib\AStylej.dll
0x730c0000 - 0x730e4000 	C:\Program Files (x86)\Arduino\java\bin\dcpr.dll
0x74d20000 - 0x74d9e000 	C:\WINDOWS\System32\clbcatq.dll
0x72f40000 - 0x730b1000 	C:\WINDOWS\SYSTEM32\WindowsCodecs.dll
0x72f00000 - 0x72f31000 	C:\WINDOWS\system32\dataexchange.dll
0x72bb0000 - 0x72d15000 	C:\WINDOWS\system32\dcomp.dll
0x72d20000 - 0x72f00000 	C:\WINDOWS\system32\d3d11.dll
0x72ae0000 - 0x72ba2000 	C:\WINDOWS\system32\dxgi.dll
0x72950000 - 0x72adf000 	C:\WINDOWS\system32\twinapi.appcore.dll
0x72930000 - 0x72950000 	C:\Program Files (x86)\Arduino\java\bin\sunec.dll
0x72920000 - 0x72929000 	C:\Program Files (x86)\Arduino\java\bin\sunmscapi.dll
0x64000000 - 0x6401b000 	C:\Program Files (x86)\Arduino\lib\jSSC-2.8_x86.dll

VM Arguments:
jvm_args: -Dsun.java2d.d3d=false -Djna.nosys=true -Djna.nounpack=true -Djna.boot.library.name=jnidispatch-4.2.2-win32-x86 -Djna.boot.library.path=C:\Program Files (x86)\Arduino/lib -Djssc.library.path=C:\Program Files (x86)\Arduino/lib -DAPP_DIR=C:\Program Files (x86)\Arduino -Xms128M -Xmx512M -Dfile.encoding=UTF8 -Djava.net.preferIPv4Stack=true 
java_command: processing.app.Base C:\Users\Vibe Station\Desktop\GITHUB\SDClearCore\main\main.ino
java_class_path (initial): C:\Program Files (x86)\Arduino\lib\apple.jar;C:\Program Files (x86)\Arduino\lib\arduino-core.jar;C:\Program Files (x86)\Arduino\lib\batik-1.8.jar;C:\Program Files (x86)\Arduino\lib\batik-anim-1.8.jar;C:\Program Files (x86)\Arduino\lib\batik-awt-util-1.8.jar;C:\Program Files (x86)\Arduino\lib\batik-bridge-1.8.jar;C:\Program Files (x86)\Arduino\lib\batik-codec-1.8.jar;C:\Program Files (x86)\Arduino\lib\batik-css-1.8.jar;C:\Program Files (x86)\Arduino\lib\batik-dom-1.8.jar;C:\Program Files (x86)\Arduino\lib\batik-ext-1.8.jar;C:\Program Files (x86)\Arduino\lib\batik-gvt-1.8.jar;C:\Program Files (x86)\Arduino\lib\batik-parser-1.8.jar;C:\Program Files (x86)\Arduino\lib\batik-rasterizer-1.8.jar;C:\Program Files (x86)\Arduino\lib\batik-script-1.8.jar;C:\Program Files (x86)\Arduino\lib\batik-squiggle-1.8.jar;C:\Program Files (x86)\Arduino\lib\batik-svg-dom-1.8.jar;C:\Program Files (x86)\Arduino\lib\batik-svgpp-1.8.jar;C:\Program Files (x86)\Arduino\lib\batik-transcoder-1.8.jar;C:\Program Files (x86)\Arduino\lib\batik-util-1.8.jar;C:\Program Files (x86)\Arduino\lib\batik-xml-1.8.jar;C:\Program Files (x86)\Arduino\lib\bcpg-jdk15on-152.jar;C:\Program Files (x86)\Arduino\lib\bcprov-jdk15on-152.jar;C:\Program Files (x86)\Arduino\lib\commons-codec-1.7.jar;C:\Program Files (x86)\Arduino\lib\commons-compress-1.8.jar;C:\Program Files (x86)\Arduino\lib\commons-exec-1.1.jar;C:\Program Files (x86)\Arduino\lib\commons-httpclient-3.1.jar;C:\Program Files (x86)\Arduino\lib\commons-lang3-3.8.1.jar;C:\Program Files (x86)\Arduino\lib\commons-logging-1.0.4.jar;C:\Program Files (x86)\Arduino\lib\commons-net-3.3.jar;C:\Program Files (x86)\Arduino\lib\commons-io-2.6.jar;C:\Program Files (x86)\Arduino\lib\jackson-annotations-2.9.5.jar;C:\Program Files (x86)\Arduino\lib\jackson-core-2.9.5.jar;C:\Program Files (x86)\Arduino\lib\jackson-databind-2.9.5.jar;C:\Program Files (x86)\Arduino\lib\java-semver-0.8.0.jar;C:\Program Files (x86)\Arduino\lib\jmdns-3.5.5.jar;C:\Program
Launcher Type: SUN_STANDARD

Environment Variables:
PATH=C:\WINDOWS\system32;C:\WINDOWS;C:\WINDOWS\System32\Wbem;C:\WINDOWS\System32\WindowsPowerShell\v1.0\;C:\WINDOWS\System32\OpenSSH\;C:\Program Files (x86)\Git\cmd;C:\Users\Vibe Station\AppData\Local\Programs\Python\Python311\Scripts\;C:\Users\Vibe Station\AppData\Local\Programs\Python\Python311\;C:\Users\Vibe Station\AppData\Local\Microsoft\WindowsApps;;C:\Program Files\JetBrains\PyCharm Community Edition 2022.3.2\bin;;C:\Users\Vibe Station\AppData\Local\Programs\Microsoft VS Code\bin;C:\Program Files (x86)\Arduino\java\bin
USERNAME=Vibe Station
OS=Windows_NT
PROCESSOR_IDENTIFIER=Intel64 Family 6 Model 122 Stepping 8, GenuineIntel



---------------  S Y S T E M  ---------------

OS: Windows 10.0 , 64 bit Build 19041 (10.0.19041.2546)

CPU:total 2 (initial active 2) (2 cores per cpu, 1 threads per core) family 6 model 122 stepping 8, cmov, cx8, fxsr, mmx, sse, sse2, sse3, ssse3, sse4.1, sse4.2, popcnt, aes, clmul, erms, 3dnowpref, tsc, tscinvbit

Memory: 4k page, physical 4011060k(1092932k free), swap 5338976k(2324792k free)

vm_info: Java HotSpot(TM) Client VM (25.191-b12) for windows-x86 JRE (1.8.0_191-b12), built on Oct  6 2018 08:34:23 by "java_re" with MS VC++ 10.0 (VS2010)

time: Mon Mar 27 17:54:56 2023
elapsed time: 161 seconds (0d 0h 2m 41s)

